<?xml version="1.0" encoding="UTF-8"?>
<!-- Generated by org.testng.reporters.JUnitReportReporter -->
<testsuite hostname="DESKTOP-6RR23G9" failures="0" tests="1" name="TestClasses.AboutUsPageValidation" time="67.400" errors="0" timestamp="2025-06-25T08:40:48 IST" skipped="0">
  <testcase classname="TestClasses.AboutUsPageValidation" name="verifyHomePage" time="67.400"/>
</testsuite> <!-- TestClasses.AboutUsPageValidation -->
