<?xml version="1.0" encoding="UTF-8"?>
<!-- Generated by org.testng.reporters.JUnitReportReporter -->
<testsuite hostname="DESKTOP-6RR23G9" failures="0" tests="1" name="TestClasses.HomePageValidation" time="119.513" errors="0" timestamp="2025-06-25T08:40:48 IST" skipped="0">
  <testcase classname="TestClasses.HomePageValidation" name="verifyHomePage" time="119.513"/>
</testsuite> <!-- TestClasses.HomePageValidation -->
